{"C:\\Users\\Stephan Eberwijn\\Documents\\GitHub\\Chthulu\\bot\\otherFunctions\\botEmbed.js": {"path":"C:\\Users\\Stephan Eberwijn\\Documents\\GitHub\\Chthulu\\bot\\otherFunctions\\botEmbed.js","statementMap":{"0":{"start":{"line":1,"column":25},"end":{"line":1,"column":46}},"1":{"start":{"line":3,"column":0},"end":{"line":37,"column":1}},"2":{"start":{"line":5,"column":4},"end":{"line":9,"column":5}},"3":{"start":{"line":6,"column":8},"end":{"line":6,"column":66}},"4":{"start":{"line":8,"column":8},"end":{"line":8,"column":66}},"5":{"start":{"line":10,"column":4},"end":{"line":36,"column":96}},"6":{"start":{"line":30,"column":68},"end":{"line":30,"column":85}},"7":{"start":{"line":32,"column":79},"end":{"line":32,"column":90}},"8":{"start":{"line":40,"column":24},"end":{"line":40,"column":41}},"9":{"start":{"line":41,"column":15},"end":{"line":41,"column":47}},"10":{"start":{"line":42,"column":16},"end":{"line":42,"column":47}},"11":{"start":{"line":43,"column":4},"end":{"line":43,"column":25}},"12":{"start":{"line":44,"column":18},"end":{"line":44,"column":47}},"13":{"start":{"line":45,"column":18},"end":{"line":45,"column":47}},"14":{"start":{"line":47,"column":17},"end":{"line":47,"column":37}},"15":{"start":{"line":49,"column":4},"end":{"line":51,"column":5}},"16":{"start":{"line":50,"column":8},"end":{"line":50,"column":61}},"17":{"start":{"line":52,"column":4},"end":{"line":54,"column":5}},"18":{"start":{"line":53,"column":8},"end":{"line":53,"column":77}},"19":{"start":{"line":55,"column":4},"end":{"line":57,"column":5}},"20":{"start":{"line":56,"column":8},"end":{"line":56,"column":91}},"21":{"start":{"line":59,"column":4},"end":{"line":59,"column":18}}},"fnMap":{"0":{"name":"(anonymous_0)","decl":{"start":{"line":3,"column":22},"end":{"line":3,"column":23}},"loc":{"start":{"line":3,"column":43},"end":{"line":37,"column":1}},"line":3},"1":{"name":"(anonymous_1)","decl":{"start":{"line":30,"column":58},"end":{"line":30,"column":59}},"loc":{"start":{"line":30,"column":68},"end":{"line":30,"column":85}},"line":30},"2":{"name":"(anonymous_2)","decl":{"start":{"line":32,"column":72},"end":{"line":32,"column":73}},"loc":{"start":{"line":32,"column":79},"end":{"line":32,"column":90}},"line":32},"3":{"name":"calculateUptimeBot","decl":{"start":{"line":39,"column":9},"end":{"line":39,"column":27}},"loc":{"start":{"line":39,"column":33},"end":{"line":61,"column":1}},"line":39}},"branchMap":{"0":{"loc":{"start":{"line":22,"column":48},"end":{"line":22,"column":158}},"type":"cond-expr","locations":[{"start":{"line":22,"column":81},"end":{"line":22,"column":104}},{"start":{"line":22,"column":107},"end":{"line":22,"column":158}}],"line":22},"1":{"loc":{"start":{"line":49,"column":4},"end":{"line":51,"column":5}},"type":"if","locations":[{"start":{"line":49,"column":4},"end":{"line":51,"column":5}},{"start":{},"end":{}}],"line":49},"2":{"loc":{"start":{"line":52,"column":4},"end":{"line":54,"column":5}},"type":"if","locations":[{"start":{"line":52,"column":4},"end":{"line":54,"column":5}},{"start":{},"end":{}}],"line":52},"3":{"loc":{"start":{"line":55,"column":4},"end":{"line":57,"column":5}},"type":"if","locations":[{"start":{"line":55,"column":4},"end":{"line":57,"column":5}},{"start":{},"end":{}}],"line":55}},"s":{"0":1,"1":1,"2":0,"3":0,"4":0,"5":0,"6":0,"7":0,"8":0,"9":0,"10":0,"11":0,"12":0,"13":0,"14":0,"15":0,"16":0,"17":0,"18":0,"19":0,"20":0,"21":0},"f":{"0":0,"1":0,"2":0,"3":0},"b":{"0":[0,0],"1":[0,0],"2":[0,0],"3":[0,0]},"_coverageSchema":"1a1c01bbd47fc00a2c39e90264f33305004495a9","hash":"e5ed51b3be213ea21186f3dee150637adaa7d873"}
,"C:\\Users\\Stephan Eberwijn\\Documents\\GitHub\\Chthulu\\functions\\logger.js": {"path":"C:\\Users\\Stephan Eberwijn\\Documents\\GitHub\\Chthulu\\functions\\logger.js","statementMap":{"0":{"start":{"line":1,"column":45},"end":{"line":1,"column":63}},"1":{"start":{"line":2,"column":46},"end":{"line":2,"column":52}},"2":{"start":{"line":4,"column":19},"end":{"line":6,"column":2}},"3":{"start":{"line":5,"column":4},"end":{"line":5,"column":73}},"4":{"start":{"line":8,"column":22},"end":{"line":11,"column":2}},"5":{"start":{"line":9,"column":19},"end":{"line":9,"column":118}},"6":{"start":{"line":10,"column":4},"end":{"line":10,"column":18}},"7":{"start":{"line":13,"column":20},"end":{"line":13,"column":30}},"8":{"start":{"line":14,"column":15},"end":{"line":25,"column":2}},"9":{"start":{"line":27,"column":0},"end":{"line":34,"column":4}},"10":{"start":{"line":41,"column":0},"end":{"line":41,"column":28}}},"fnMap":{"0":{"name":"(anonymous_0)","decl":{"start":{"line":4,"column":26},"end":{"line":4,"column":27}},"loc":{"start":{"line":4,"column":61},"end":{"line":6,"column":1}},"line":4},"1":{"name":"(anonymous_1)","decl":{"start":{"line":8,"column":29},"end":{"line":8,"column":30}},"loc":{"start":{"line":8,"column":64},"end":{"line":11,"column":1}},"line":8}},"branchMap":{"0":{"loc":{"start":{"line":9,"column":19},"end":{"line":9,"column":118}},"type":"cond-expr","locations":[{"start":{"line":9,"column":54},"end":{"line":9,"column":78}},{"start":{"line":9,"column":81},"end":{"line":9,"column":118}}],"line":9},"1":{"loc":{"start":{"line":30,"column":12},"end":{"line":30,"column":80}},"type":"cond-expr","locations":[{"start":{"line":30,"column":47},"end":{"line":30,"column":64}},{"start":{"line":30,"column":67},"end":{"line":30,"column":80}}],"line":30}},"s":{"0":1,"1":1,"2":1,"3":0,"4":1,"5":0,"6":0,"7":1,"8":1,"9":1,"10":1},"f":{"0":0,"1":0},"b":{"0":[0,0],"1":[1,0]},"_coverageSchema":"1a1c01bbd47fc00a2c39e90264f33305004495a9","hash":"504471d42478197c3cae9b1233ce5c7f87bf2df8"}
,"C:\\Users\\Stephan Eberwijn\\Documents\\GitHub\\Chthulu\\functions\\api\\misc.js": {"path":"C:\\Users\\Stephan Eberwijn\\Documents\\GitHub\\Chthulu\\functions\\api\\misc.js","statementMap":{"0":{"start":{"line":1,"column":19},"end":{"line":1,"column":39}},"1":{"start":{"line":3,"column":21},"end":{"line":3,"column":99}},"2":{"start":{"line":6,"column":4},"end":{"line":6,"column":93}},"3":{"start":{"line":7,"column":4},"end":{"line":7,"column":75}},"4":{"start":{"line":8,"column":4},"end":{"line":8,"column":93}},"5":{"start":{"line":9,"column":4},"end":{"line":9,"column":62}},"6":{"start":{"line":13,"column":4},"end":{"line":13,"column":41}},"7":{"start":{"line":17,"column":4},"end":{"line":17,"column":255}},"8":{"start":{"line":21,"column":4},"end":{"line":21,"column":129}},"9":{"start":{"line":25,"column":4},"end":{"line":25,"column":81}},"10":{"start":{"line":25,"column":69},"end":{"line":25,"column":81}},"11":{"start":{"line":26,"column":4},"end":{"line":26,"column":51}},"12":{"start":{"line":26,"column":31},"end":{"line":26,"column":51}},"13":{"start":{"line":27,"column":4},"end":{"line":27,"column":23}},"14":{"start":{"line":31,"column":4},"end":{"line":33,"column":5}},"15":{"start":{"line":32,"column":8},"end":{"line":32,"column":120}},"16":{"start":{"line":34,"column":4},"end":{"line":34,"column":16}},"17":{"start":{"line":37,"column":0},"end":{"line":41,"column":2}}},"fnMap":{"0":{"name":"loadAllJSONFiles","decl":{"start":{"line":5,"column":15},"end":{"line":5,"column":31}},"loc":{"start":{"line":5,"column":37},"end":{"line":10,"column":1}},"line":5},"1":{"name":"onlyUnique","decl":{"start":{"line":12,"column":9},"end":{"line":12,"column":19}},"loc":{"start":{"line":12,"column":40},"end":{"line":14,"column":1}},"line":12},"2":{"name":"getPrettyDateString","decl":{"start":{"line":16,"column":9},"end":{"line":16,"column":28}},"loc":{"start":{"line":16,"column":35},"end":{"line":18,"column":1}},"line":16},"3":{"name":"getSimpleDateString","decl":{"start":{"line":20,"column":9},"end":{"line":20,"column":28}},"loc":{"start":{"line":20,"column":35},"end":{"line":22,"column":1}},"line":20},"4":{"name":"getDoubleDigitNumber","decl":{"start":{"line":24,"column":9},"end":{"line":24,"column":29}},"loc":{"start":{"line":24,"column":38},"end":{"line":28,"column":1}},"line":24},"5":{"name":"addCreatedDate","decl":{"start":{"line":30,"column":15},"end":{"line":30,"column":29}},"loc":{"start":{"line":30,"column":37},"end":{"line":35,"column":1}},"line":30}},"branchMap":{"0":{"loc":{"start":{"line":25,"column":4},"end":{"line":25,"column":81}},"type":"if","locations":[{"start":{"line":25,"column":4},"end":{"line":25,"column":81}},{"start":{},"end":{}}],"line":25},"1":{"loc":{"start":{"line":25,"column":10},"end":{"line":25,"column":66}},"type":"binary-expr","locations":[{"start":{"line":25,"column":10},"end":{"line":25,"column":36}},{"start":{"line":25,"column":40},"end":{"line":25,"column":66}}],"line":25},"2":{"loc":{"start":{"line":26,"column":4},"end":{"line":26,"column":51}},"type":"if","locations":[{"start":{"line":26,"column":4},"end":{"line":26,"column":51}},{"start":{},"end":{}}],"line":26}},"s":{"0":1,"1":1,"2":0,"3":0,"4":0,"5":0,"6":8,"7":1,"8":0,"9":8,"10":1,"11":7,"12":2,"13":5,"14":0,"15":0,"16":0,"17":1},"f":{"0":0,"1":8,"2":1,"3":0,"4":8,"5":0},"b":{"0":[1,7],"1":[8,2],"2":[2,5]},"_coverageSchema":"1a1c01bbd47fc00a2c39e90264f33305004495a9","hash":"9027c7ed5c8c27b78dc2a68bb3e6ba6f3e72b875"}
}
