{"C:\\Users\\Stephan\\OneDrive\\Projects\\Chthulu\\bot\\otherFunctions\\botEmbed.js": {"path":"C:\\Users\\Stephan\\OneDrive\\Projects\\Chthulu\\bot\\otherFunctions\\botEmbed.js","statementMap":{"0":{"start":{"line":1,"column":25},"end":{"line":1,"column":46}},"1":{"start":{"line":3,"column":0},"end":{"line":37,"column":1}},"2":{"start":{"line":5,"column":4},"end":{"line":9,"column":5}},"3":{"start":{"line":6,"column":8},"end":{"line":6,"column":66}},"4":{"start":{"line":8,"column":8},"end":{"line":8,"column":66}},"5":{"start":{"line":10,"column":4},"end":{"line":36,"column":96}},"6":{"start":{"line":30,"column":68},"end":{"line":30,"column":85}},"7":{"start":{"line":32,"column":79},"end":{"line":32,"column":90}},"8":{"start":{"line":40,"column":24},"end":{"line":40,"column":41}},"9":{"start":{"line":41,"column":15},"end":{"line":41,"column":47}},"10":{"start":{"line":42,"column":16},"end":{"line":42,"column":47}},"11":{"start":{"line":43,"column":4},"end":{"line":43,"column":25}},"12":{"start":{"line":44,"column":18},"end":{"line":44,"column":47}},"13":{"start":{"line":45,"column":18},"end":{"line":45,"column":47}},"14":{"start":{"line":47,"column":17},"end":{"line":47,"column":37}},"15":{"start":{"line":49,"column":4},"end":{"line":51,"column":5}},"16":{"start":{"line":50,"column":8},"end":{"line":50,"column":61}},"17":{"start":{"line":52,"column":4},"end":{"line":54,"column":5}},"18":{"start":{"line":53,"column":8},"end":{"line":53,"column":77}},"19":{"start":{"line":55,"column":4},"end":{"line":57,"column":5}},"20":{"start":{"line":56,"column":8},"end":{"line":56,"column":91}},"21":{"start":{"line":59,"column":4},"end":{"line":59,"column":18}}},"fnMap":{"0":{"name":"(anonymous_0)","decl":{"start":{"line":3,"column":22},"end":{"line":3,"column":23}},"loc":{"start":{"line":3,"column":43},"end":{"line":37,"column":1}},"line":3},"1":{"name":"(anonymous_1)","decl":{"start":{"line":30,"column":58},"end":{"line":30,"column":59}},"loc":{"start":{"line":30,"column":68},"end":{"line":30,"column":85}},"line":30},"2":{"name":"(anonymous_2)","decl":{"start":{"line":32,"column":72},"end":{"line":32,"column":73}},"loc":{"start":{"line":32,"column":79},"end":{"line":32,"column":90}},"line":32},"3":{"name":"calculateUptimeBot","decl":{"start":{"line":39,"column":9},"end":{"line":39,"column":27}},"loc":{"start":{"line":39,"column":33},"end":{"line":61,"column":1}},"line":39}},"branchMap":{"0":{"loc":{"start":{"line":22,"column":48},"end":{"line":22,"column":158}},"type":"cond-expr","locations":[{"start":{"line":22,"column":81},"end":{"line":22,"column":104}},{"start":{"line":22,"column":107},"end":{"line":22,"column":158}}],"line":22},"1":{"loc":{"start":{"line":49,"column":4},"end":{"line":51,"column":5}},"type":"if","locations":[{"start":{"line":49,"column":4},"end":{"line":51,"column":5}},{"start":{},"end":{}}],"line":49},"2":{"loc":{"start":{"line":52,"column":4},"end":{"line":54,"column":5}},"type":"if","locations":[{"start":{"line":52,"column":4},"end":{"line":54,"column":5}},{"start":{},"end":{}}],"line":52},"3":{"loc":{"start":{"line":55,"column":4},"end":{"line":57,"column":5}},"type":"if","locations":[{"start":{"line":55,"column":4},"end":{"line":57,"column":5}},{"start":{},"end":{}}],"line":55}},"s":{"0":1,"1":1,"2":0,"3":0,"4":0,"5":0,"6":0,"7":0,"8":0,"9":0,"10":0,"11":0,"12":0,"13":0,"14":0,"15":0,"16":0,"17":0,"18":0,"19":0,"20":0,"21":0},"f":{"0":0,"1":0,"2":0,"3":0},"b":{"0":[0,0],"1":[0,0],"2":[0,0],"3":[0,0]},"_coverageSchema":"1a1c01bbd47fc00a2c39e90264f33305004495a9","hash":"01781e0d76e6bac187e6a5ab77717e25dfcbb82a"}
,"C:\\Users\\Stephan\\OneDrive\\Projects\\Chthulu\\database\\models\\GameSession.js": {"path":"C:\\Users\\Stephan\\OneDrive\\Projects\\Chthulu\\database\\models\\GameSession.js","statementMap":{"0":{"start":{"line":54,"column":24},"end":{"line":54,"column":55}},"1":{"start":{"line":55,"column":20},"end":{"line":104,"column":2}},"2":{"start":{"line":106,"column":0},"end":{"line":106,"column":33}}},"fnMap":{},"branchMap":{},"s":{"0":1,"1":1,"2":1},"f":{},"b":{},"_coverageSchema":"1a1c01bbd47fc00a2c39e90264f33305004495a9","hash":"179e25bbfc5508df9b10b7c140f90591fe35e030"}
,"C:\\Users\\Stephan\\OneDrive\\Projects\\Chthulu\\database\\models\\GeneralInfo.js": {"path":"C:\\Users\\Stephan\\OneDrive\\Projects\\Chthulu\\database\\models\\GeneralInfo.js","statementMap":{"0":{"start":{"line":1,"column":24},"end":{"line":1,"column":55}},"1":{"start":{"line":2,"column":20},"end":{"line":23,"column":2}},"2":{"start":{"line":25,"column":0},"end":{"line":25,"column":33}}},"fnMap":{},"branchMap":{},"s":{"0":1,"1":1,"2":1},"f":{},"b":{},"_coverageSchema":"1a1c01bbd47fc00a2c39e90264f33305004495a9","hash":"b1458139fd5bbf7422ea2e0a2c48ab0a1c1bbad7"}
,"C:\\Users\\Stephan\\OneDrive\\Projects\\Chthulu\\database\\models\\Maps.js": {"path":"C:\\Users\\Stephan\\OneDrive\\Projects\\Chthulu\\database\\models\\Maps.js","statementMap":{"0":{"start":{"line":1,"column":24},"end":{"line":1,"column":55}},"1":{"start":{"line":2,"column":12},"end":{"line":19,"column":2}},"2":{"start":{"line":21,"column":0},"end":{"line":21,"column":25}}},"fnMap":{},"branchMap":{},"s":{"0":1,"1":1,"2":1},"f":{},"b":{},"_coverageSchema":"1a1c01bbd47fc00a2c39e90264f33305004495a9","hash":"deb59aa84aa091130aa54c2c156c026f650602da"}
,"C:\\Users\\Stephan\\OneDrive\\Projects\\Chthulu\\database\\models\\NonPlayableCharacter.js": {"path":"C:\\Users\\Stephan\\OneDrive\\Projects\\Chthulu\\database\\models\\NonPlayableCharacter.js","statementMap":{"0":{"start":{"line":68,"column":24},"end":{"line":68,"column":55}},"1":{"start":{"line":69,"column":29},"end":{"line":122,"column":2}},"2":{"start":{"line":124,"column":0},"end":{"line":124,"column":42}}},"fnMap":{},"branchMap":{},"s":{"0":1,"1":1,"2":1},"f":{},"b":{},"_coverageSchema":"1a1c01bbd47fc00a2c39e90264f33305004495a9","hash":"503cec751851715e31cf2030115ea803fa2da391"}
,"C:\\Users\\Stephan\\OneDrive\\Projects\\Chthulu\\database\\models\\PlayerCharacter.js": {"path":"C:\\Users\\Stephan\\OneDrive\\Projects\\Chthulu\\database\\models\\PlayerCharacter.js","statementMap":{"0":{"start":{"line":81,"column":24},"end":{"line":81,"column":55}},"1":{"start":{"line":82,"column":24},"end":{"line":151,"column":2}},"2":{"start":{"line":153,"column":0},"end":{"line":153,"column":37}}},"fnMap":{},"branchMap":{},"s":{"0":1,"1":1,"2":1},"f":{},"b":{},"_coverageSchema":"1a1c01bbd47fc00a2c39e90264f33305004495a9","hash":"e8349396e77412748036b3ff52a28e43fda5c909"}
,"C:\\Users\\Stephan\\OneDrive\\Projects\\Chthulu\\database\\models\\Quest.js": {"path":"C:\\Users\\Stephan\\OneDrive\\Projects\\Chthulu\\database\\models\\Quest.js","statementMap":{"0":{"start":{"line":50,"column":24},"end":{"line":50,"column":55}},"1":{"start":{"line":51,"column":14},"end":{"line":84,"column":2}},"2":{"start":{"line":86,"column":0},"end":{"line":86,"column":27}}},"fnMap":{},"branchMap":{},"s":{"0":1,"1":1,"2":1},"f":{},"b":{},"_coverageSchema":"1a1c01bbd47fc00a2c39e90264f33305004495a9","hash":"60eece42c7a646e6d252d93c5c2825d2cc879702"}
,"C:\\Users\\Stephan\\OneDrive\\Projects\\Chthulu\\functions\\api.js": {"path":"C:\\Users\\Stephan\\OneDrive\\Projects\\Chthulu\\functions\\api.js","statementMap":{"0":{"start":{"line":1,"column":19},"end":{"line":1,"column":49}},"1":{"start":{"line":3,"column":28},"end":{"line":3,"column":73}},"2":{"start":{"line":4,"column":33},"end":{"line":4,"column":83}},"3":{"start":{"line":5,"column":16},"end":{"line":5,"column":50}},"4":{"start":{"line":6,"column":18},"end":{"line":6,"column":53}},"5":{"start":{"line":7,"column":24},"end":{"line":7,"column":65}},"6":{"start":{"line":8,"column":24},"end":{"line":8,"column":65}},"7":{"start":{"line":11,"column":19},"end":{"line":11,"column":102}},"8":{"start":{"line":12,"column":17},"end":{"line":12,"column":150}},"9":{"start":{"line":13,"column":21},"end":{"line":13,"column":99}},"10":{"start":{"line":17,"column":4},"end":{"line":17,"column":31}},"11":{"start":{"line":21,"column":4},"end":{"line":21,"column":33}},"12":{"start":{"line":25,"column":4},"end":{"line":25,"column":34}},"13":{"start":{"line":29,"column":4},"end":{"line":29,"column":108}},"14":{"start":{"line":29,"column":42},"end":{"line":29,"column":86}},"15":{"start":{"line":29,"column":99},"end":{"line":29,"column":107}},"16":{"start":{"line":33,"column":4},"end":{"line":33,"column":67}},"17":{"start":{"line":37,"column":4},"end":{"line":37,"column":46}},"18":{"start":{"line":43,"column":4},"end":{"line":46,"column":5}},"19":{"start":{"line":43,"column":54},"end":{"line":43,"column":59}},"20":{"start":{"line":44,"column":8},"end":{"line":44,"column":36}},"21":{"start":{"line":45,"column":8},"end":{"line":45,"column":68}},"22":{"start":{"line":50,"column":4},"end":{"line":50,"column":90}},"23":{"start":{"line":51,"column":4},"end":{"line":51,"column":72}},"24":{"start":{"line":52,"column":4},"end":{"line":52,"column":90}},"25":{"start":{"line":53,"column":4},"end":{"line":53,"column":62}},"26":{"start":{"line":57,"column":4},"end":{"line":57,"column":44}},"27":{"start":{"line":62,"column":4},"end":{"line":62,"column":75}},"28":{"start":{"line":62,"column":42},"end":{"line":62,"column":73}},"29":{"start":{"line":66,"column":4},"end":{"line":66,"column":43}},"30":{"start":{"line":70,"column":4},"end":{"line":70,"column":87}},"31":{"start":{"line":73,"column":4},"end":{"line":73,"column":44}},"32":{"start":{"line":77,"column":32},"end":{"line":77,"column":115}},"33":{"start":{"line":77,"column":64},"end":{"line":77,"column":114}},"34":{"start":{"line":78,"column":4},"end":{"line":78,"column":95}},"35":{"start":{"line":82,"column":4},"end":{"line":82,"column":87}},"36":{"start":{"line":82,"column":26},"end":{"line":82,"column":87}},"37":{"start":{"line":83,"column":23},"end":{"line":83,"column":94}},"38":{"start":{"line":84,"column":4},"end":{"line":84,"column":30}},"39":{"start":{"line":84,"column":21},"end":{"line":84,"column":30}},"40":{"start":{"line":86,"column":4},"end":{"line":91,"column":5}},"41":{"start":{"line":86,"column":21},"end":{"line":86,"column":22}},"42":{"start":{"line":87,"column":26},"end":{"line":87,"column":43}},"43":{"start":{"line":89,"column":8},"end":{"line":89,"column":101}},"44":{"start":{"line":92,"column":4},"end":{"line":92,"column":21}},"45":{"start":{"line":97,"column":4},"end":{"line":97,"column":103}},"46":{"start":{"line":101,"column":4},"end":{"line":101,"column":87}},"47":{"start":{"line":101,"column":26},"end":{"line":101,"column":87}},"48":{"start":{"line":102,"column":4},"end":{"line":102,"column":82}},"49":{"start":{"line":106,"column":4},"end":{"line":106,"column":101}},"50":{"start":{"line":106,"column":26},"end":{"line":106,"column":101}},"51":{"start":{"line":107,"column":4},"end":{"line":107,"column":96}},"52":{"start":{"line":111,"column":16},"end":{"line":111,"column":62}},"53":{"start":{"line":112,"column":4},"end":{"line":112,"column":27}},"54":{"start":{"line":116,"column":4},"end":{"line":116,"column":30}},"55":{"start":{"line":120,"column":4},"end":{"line":120,"column":65}},"56":{"start":{"line":125,"column":4},"end":{"line":125,"column":85}},"57":{"start":{"line":129,"column":17},"end":{"line":129,"column":19}},"58":{"start":{"line":130,"column":4},"end":{"line":133,"column":5}},"59":{"start":{"line":130,"column":21},"end":{"line":130,"column":22}},"60":{"start":{"line":131,"column":8},"end":{"line":131,"column":90}},"61":{"start":{"line":132,"column":8},"end":{"line":132,"column":101}},"62":{"start":{"line":132,"column":43},"end":{"line":132,"column":101}},"63":{"start":{"line":132,"column":72},"end":{"line":132,"column":99}},"64":{"start":{"line":137,"column":4},"end":{"line":137,"column":68}},"65":{"start":{"line":141,"column":17},"end":{"line":141,"column":19}},"66":{"start":{"line":142,"column":4},"end":{"line":145,"column":5}},"67":{"start":{"line":142,"column":21},"end":{"line":142,"column":22}},"68":{"start":{"line":143,"column":8},"end":{"line":143,"column":74}},"69":{"start":{"line":144,"column":8},"end":{"line":144,"column":101}},"70":{"start":{"line":144,"column":43},"end":{"line":144,"column":101}},"71":{"start":{"line":144,"column":72},"end":{"line":144,"column":99}},"72":{"start":{"line":150,"column":20},"end":{"line":150,"column":30}},"73":{"start":{"line":151,"column":4},"end":{"line":160,"column":6}},"74":{"start":{"line":164,"column":16},"end":{"line":164,"column":95}},"75":{"start":{"line":165,"column":4},"end":{"line":170,"column":7}},"76":{"start":{"line":166,"column":8},"end":{"line":166,"column":35}},"77":{"start":{"line":166,"column":20},"end":{"line":166,"column":35}},"78":{"start":{"line":167,"column":8},"end":{"line":167,"column":39}},"79":{"start":{"line":168,"column":8},"end":{"line":168,"column":21}},"80":{"start":{"line":169,"column":8},"end":{"line":169,"column":24}},"81":{"start":{"line":174,"column":18},"end":{"line":174,"column":109}},"82":{"start":{"line":175,"column":4},"end":{"line":190,"column":7}},"83":{"start":{"line":176,"column":8},"end":{"line":176,"column":35}},"84":{"start":{"line":176,"column":20},"end":{"line":176,"column":35}},"85":{"start":{"line":177,"column":8},"end":{"line":188,"column":9}},"86":{"start":{"line":178,"column":12},"end":{"line":178,"column":51}},"87":{"start":{"line":179,"column":12},"end":{"line":179,"column":25}},"88":{"start":{"line":180,"column":12},"end":{"line":180,"column":29}},"89":{"start":{"line":181,"column":15},"end":{"line":188,"column":9}},"90":{"start":{"line":182,"column":12},"end":{"line":182,"column":48}},"91":{"start":{"line":183,"column":12},"end":{"line":183,"column":61}},"92":{"start":{"line":184,"column":12},"end":{"line":184,"column":63}},"93":{"start":{"line":185,"column":12},"end":{"line":185,"column":69}},"94":{"start":{"line":186,"column":12},"end":{"line":186,"column":25}},"95":{"start":{"line":187,"column":12},"end":{"line":187,"column":29}},"96":{"start":{"line":189,"column":8},"end":{"line":189,"column":24}},"97":{"start":{"line":194,"column":19},"end":{"line":194,"column":55}},"98":{"start":{"line":195,"column":4},"end":{"line":204,"column":7}},"99":{"start":{"line":196,"column":8},"end":{"line":196,"column":36}},"100":{"start":{"line":196,"column":21},"end":{"line":196,"column":36}},"101":{"start":{"line":197,"column":8},"end":{"line":197,"column":184}},"102":{"start":{"line":197,"column":116},"end":{"line":197,"column":163}},"103":{"start":{"line":198,"column":8},"end":{"line":203,"column":11}},"104":{"start":{"line":199,"column":12},"end":{"line":199,"column":172}},"105":{"start":{"line":199,"column":99},"end":{"line":199,"column":148}},"106":{"start":{"line":199,"column":161},"end":{"line":199,"column":169}},"107":{"start":{"line":200,"column":12},"end":{"line":200,"column":29}},"108":{"start":{"line":202,"column":12},"end":{"line":202,"column":28}},"109":{"start":{"line":208,"column":4},"end":{"line":208,"column":39}},"110":{"start":{"line":212,"column":4},"end":{"line":212,"column":70}},"111":{"start":{"line":216,"column":4},"end":{"line":216,"column":41}},"112":{"start":{"line":220,"column":4},"end":{"line":220,"column":32}},"113":{"start":{"line":221,"column":4},"end":{"line":221,"column":32}},"114":{"start":{"line":222,"column":4},"end":{"line":222,"column":17}},"115":{"start":{"line":226,"column":4},"end":{"line":226,"column":255}},"116":{"start":{"line":230,"column":4},"end":{"line":230,"column":81}},"117":{"start":{"line":230,"column":69},"end":{"line":230,"column":81}},"118":{"start":{"line":231,"column":4},"end":{"line":231,"column":51}},"119":{"start":{"line":231,"column":31},"end":{"line":231,"column":51}},"120":{"start":{"line":232,"column":4},"end":{"line":232,"column":23}},"121":{"start":{"line":236,"column":0},"end":{"line":245,"column":2}}},"fnMap":{"0":{"name":"getBot","decl":{"start":{"line":16,"column":9},"end":{"line":16,"column":15}},"loc":{"start":{"line":16,"column":18},"end":{"line":18,"column":1}},"line":16},"1":{"name":"getBotGuilds","decl":{"start":{"line":20,"column":9},"end":{"line":20,"column":21}},"loc":{"start":{"line":20,"column":24},"end":{"line":22,"column":1}},"line":20},"2":{"name":"getBotCommands","decl":{"start":{"line":24,"column":9},"end":{"line":24,"column":23}},"loc":{"start":{"line":24,"column":26},"end":{"line":26,"column":1}},"line":24},"3":{"name":"getBotCommandsByCategory","decl":{"start":{"line":28,"column":9},"end":{"line":28,"column":33}},"loc":{"start":{"line":28,"column":44},"end":{"line":30,"column":1}},"line":28},"4":{"name":"(anonymous_4)","decl":{"start":{"line":29,"column":35},"end":{"line":29,"column":36}},"loc":{"start":{"line":29,"column":42},"end":{"line":29,"column":86}},"line":29},"5":{"name":"(anonymous_5)","decl":{"start":{"line":29,"column":92},"end":{"line":29,"column":93}},"loc":{"start":{"line":29,"column":99},"end":{"line":29,"column":107}},"line":29},"6":{"name":"getServerDisabledCommands","decl":{"start":{"line":32,"column":15},"end":{"line":32,"column":40}},"loc":{"start":{"line":32,"column":51},"end":{"line":34,"column":1}},"line":32},"7":{"name":"getGuildFromBot","decl":{"start":{"line":36,"column":9},"end":{"line":36,"column":24}},"loc":{"start":{"line":36,"column":34},"end":{"line":38,"column":1}},"line":36},"8":{"name":"cacheAllUsers","decl":{"start":{"line":42,"column":15},"end":{"line":42,"column":28}},"loc":{"start":{"line":42,"column":34},"end":{"line":47,"column":1}},"line":42},"9":{"name":"(anonymous_9)","decl":{"start":{"line":43,"column":45},"end":{"line":43,"column":46}},"loc":{"start":{"line":43,"column":54},"end":{"line":43,"column":59}},"line":43},"10":{"name":"loadAllJSONFiles","decl":{"start":{"line":49,"column":15},"end":{"line":49,"column":31}},"loc":{"start":{"line":49,"column":37},"end":{"line":54,"column":1}},"line":49},"11":{"name":"getUserFromBot","decl":{"start":{"line":56,"column":9},"end":{"line":56,"column":23}},"loc":{"start":{"line":56,"column":32},"end":{"line":58,"column":1}},"line":56},"12":{"name":"getMutualGuilds","decl":{"start":{"line":61,"column":9},"end":{"line":61,"column":24}},"loc":{"start":{"line":61,"column":33},"end":{"line":63,"column":1}},"line":61},"13":{"name":"(anonymous_13)","decl":{"start":{"line":62,"column":33},"end":{"line":62,"column":34}},"loc":{"start":{"line":62,"column":42},"end":{"line":62,"column":73}},"line":62},"14":{"name":"isUserInGuild","decl":{"start":{"line":65,"column":15},"end":{"line":65,"column":28}},"loc":{"start":{"line":65,"column":44},"end":{"line":67,"column":1}},"line":65},"15":{"name":"isUserAdminInGuild","decl":{"start":{"line":69,"column":9},"end":{"line":69,"column":27}},"loc":{"start":{"line":69,"column":43},"end":{"line":71,"column":1}},"line":69},"16":{"name":"getUserFromGuild","decl":{"start":{"line":72,"column":9},"end":{"line":72,"column":25}},"loc":{"start":{"line":72,"column":41},"end":{"line":74,"column":1}},"line":72},"17":{"name":"isDungeonMaster","decl":{"start":{"line":76,"column":9},"end":{"line":76,"column":24}},"loc":{"start":{"line":76,"column":40},"end":{"line":79,"column":1}},"line":76},"18":{"name":"(anonymous_18)","decl":{"start":{"line":77,"column":56},"end":{"line":77,"column":57}},"loc":{"start":{"line":77,"column":64},"end":{"line":77,"column":114}},"line":77},"19":{"name":"getAliveCharacters","decl":{"start":{"line":81,"column":15},"end":{"line":81,"column":33}},"loc":{"start":{"line":81,"column":50},"end":{"line":94,"column":1}},"line":81},"20":{"name":"getUserCharacter","decl":{"start":{"line":96,"column":15},"end":{"line":96,"column":31}},"loc":{"start":{"line":96,"column":49},"end":{"line":98,"column":1}},"line":96},"21":{"name":"getDeadCharacters","decl":{"start":{"line":100,"column":15},"end":{"line":100,"column":32}},"loc":{"start":{"line":100,"column":49},"end":{"line":103,"column":1}},"line":100},"22":{"name":"getNonPlayableCharacters","decl":{"start":{"line":105,"column":15},"end":{"line":105,"column":39}},"loc":{"start":{"line":105,"column":56},"end":{"line":108,"column":1}},"line":105},"23":{"name":"getServerMap","decl":{"start":{"line":110,"column":15},"end":{"line":110,"column":27}},"loc":{"start":{"line":110,"column":38},"end":{"line":113,"column":1}},"line":110},"24":{"name":"getAllMaps","decl":{"start":{"line":115,"column":15},"end":{"line":115,"column":25}},"loc":{"start":{"line":115,"column":28},"end":{"line":117,"column":1}},"line":115},"25":{"name":"getServerGeneralInfo","decl":{"start":{"line":119,"column":15},"end":{"line":119,"column":35}},"loc":{"start":{"line":119,"column":46},"end":{"line":121,"column":1}},"line":119},"26":{"name":"getServerQuestsPerStatus","decl":{"start":{"line":124,"column":15},"end":{"line":124,"column":39}},"loc":{"start":{"line":124,"column":58},"end":{"line":126,"column":1}},"line":124},"27":{"name":"getServerQuestsByStatuses","decl":{"start":{"line":128,"column":15},"end":{"line":128,"column":40}},"loc":{"start":{"line":128,"column":61},"end":{"line":134,"column":1}},"line":128},"28":{"name":"(anonymous_28)","decl":{"start":{"line":132,"column":62},"end":{"line":132,"column":63}},"loc":{"start":{"line":132,"column":72},"end":{"line":132,"column":99}},"line":132},"29":{"name":"getQuestsPerStatus","decl":{"start":{"line":136,"column":15},"end":{"line":136,"column":33}},"loc":{"start":{"line":136,"column":42},"end":{"line":138,"column":1}},"line":136},"30":{"name":"getQuestsByStatuses","decl":{"start":{"line":140,"column":15},"end":{"line":140,"column":34}},"loc":{"start":{"line":140,"column":45},"end":{"line":146,"column":1}},"line":140},"31":{"name":"(anonymous_31)","decl":{"start":{"line":144,"column":62},"end":{"line":144,"column":63}},"loc":{"start":{"line":144,"column":72},"end":{"line":144,"column":99}},"line":144},"32":{"name":"createQuest","decl":{"start":{"line":149,"column":15},"end":{"line":149,"column":26}},"loc":{"start":{"line":149,"column":54},"end":{"line":161,"column":1}},"line":149},"33":{"name":"deleteQuest","decl":{"start":{"line":163,"column":15},"end":{"line":163,"column":26}},"loc":{"start":{"line":163,"column":46},"end":{"line":171,"column":1}},"line":163},"34":{"name":"(anonymous_34)","decl":{"start":{"line":165,"column":23},"end":{"line":165,"column":24}},"loc":{"start":{"line":165,"column":44},"end":{"line":170,"column":5}},"line":165},"35":{"name":"updateQuest","decl":{"start":{"line":173,"column":15},"end":{"line":173,"column":26}},"loc":{"start":{"line":173,"column":48},"end":{"line":191,"column":1}},"line":173},"36":{"name":"(anonymous_36)","decl":{"start":{"line":175,"column":23},"end":{"line":175,"column":24}},"loc":{"start":{"line":175,"column":44},"end":{"line":190,"column":5}},"line":175},"37":{"name":"editServerCommands","decl":{"start":{"line":193,"column":15},"end":{"line":193,"column":33}},"loc":{"start":{"line":193,"column":54},"end":{"line":205,"column":1}},"line":193},"38":{"name":"(anonymous_38)","decl":{"start":{"line":195,"column":23},"end":{"line":195,"column":24}},"loc":{"start":{"line":195,"column":44},"end":{"line":204,"column":5}},"line":195},"39":{"name":"(anonymous_39)","decl":{"start":{"line":197,"column":109},"end":{"line":197,"column":110}},"loc":{"start":{"line":197,"column":116},"end":{"line":197,"column":163}},"line":197},"40":{"name":"(anonymous_40)","decl":{"start":{"line":198,"column":27},"end":{"line":198,"column":28}},"loc":{"start":{"line":198,"column":33},"end":{"line":201,"column":9}},"line":198},"41":{"name":"(anonymous_41)","decl":{"start":{"line":199,"column":92},"end":{"line":199,"column":93}},"loc":{"start":{"line":199,"column":99},"end":{"line":199,"column":148}},"line":199},"42":{"name":"(anonymous_42)","decl":{"start":{"line":199,"column":154},"end":{"line":199,"column":155}},"loc":{"start":{"line":199,"column":161},"end":{"line":199,"column":169}},"line":199},"43":{"name":"(anonymous_43)","decl":{"start":{"line":201,"column":17},"end":{"line":201,"column":18}},"loc":{"start":{"line":201,"column":23},"end":{"line":203,"column":9}},"line":201},"44":{"name":"getAllGameSessions","decl":{"start":{"line":207,"column":15},"end":{"line":207,"column":33}},"loc":{"start":{"line":207,"column":36},"end":{"line":209,"column":1}},"line":207},"45":{"name":"getAllServerGameSessions","decl":{"start":{"line":211,"column":15},"end":{"line":211,"column":39}},"loc":{"start":{"line":211,"column":50},"end":{"line":213,"column":1}},"line":211},"46":{"name":"onlyUnique","decl":{"start":{"line":215,"column":9},"end":{"line":215,"column":19}},"loc":{"start":{"line":215,"column":40},"end":{"line":217,"column":1}},"line":215},"47":{"name":"sortByImportanceValue","decl":{"start":{"line":219,"column":9},"end":{"line":219,"column":30}},"loc":{"start":{"line":219,"column":37},"end":{"line":223,"column":1}},"line":219},"48":{"name":"getPrettyDateString","decl":{"start":{"line":225,"column":9},"end":{"line":225,"column":28}},"loc":{"start":{"line":225,"column":35},"end":{"line":227,"column":1}},"line":225},"49":{"name":"getDoubleDigitNumber","decl":{"start":{"line":229,"column":9},"end":{"line":229,"column":29}},"loc":{"start":{"line":229,"column":38},"end":{"line":233,"column":1}},"line":229}},"branchMap":{"0":{"loc":{"start":{"line":70,"column":11},"end":{"line":70,"column":86}},"type":"binary-expr","locations":[{"start":{"line":70,"column":11},"end":{"line":70,"column":77}},{"start":{"line":70,"column":81},"end":{"line":70,"column":86}}],"line":70},"1":{"loc":{"start":{"line":78,"column":11},"end":{"line":78,"column":94}},"type":"binary-expr","locations":[{"start":{"line":78,"column":11},"end":{"line":78,"column":85}},{"start":{"line":78,"column":89},"end":{"line":78,"column":94}}],"line":78},"2":{"loc":{"start":{"line":81,"column":34},"end":{"line":81,"column":48}},"type":"default-arg","locations":[{"start":{"line":81,"column":44},"end":{"line":81,"column":48}}],"line":81},"3":{"loc":{"start":{"line":82,"column":4},"end":{"line":82,"column":87}},"type":"if","locations":[{"start":{"line":82,"column":4},"end":{"line":82,"column":87}},{"start":{},"end":{}}],"line":82},"4":{"loc":{"start":{"line":84,"column":4},"end":{"line":84,"column":30}},"type":"if","locations":[{"start":{"line":84,"column":4},"end":{"line":84,"column":30}},{"start":{},"end":{}}],"line":84},"5":{"loc":{"start":{"line":100,"column":33},"end":{"line":100,"column":47}},"type":"default-arg","locations":[{"start":{"line":100,"column":43},"end":{"line":100,"column":47}}],"line":100},"6":{"loc":{"start":{"line":101,"column":4},"end":{"line":101,"column":87}},"type":"if","locations":[{"start":{"line":101,"column":4},"end":{"line":101,"column":87}},{"start":{},"end":{}}],"line":101},"7":{"loc":{"start":{"line":105,"column":40},"end":{"line":105,"column":54}},"type":"default-arg","locations":[{"start":{"line":105,"column":50},"end":{"line":105,"column":54}}],"line":105},"8":{"loc":{"start":{"line":106,"column":4},"end":{"line":106,"column":101}},"type":"if","locations":[{"start":{"line":106,"column":4},"end":{"line":106,"column":101}},{"start":{},"end":{}}],"line":106},"9":{"loc":{"start":{"line":112,"column":11},"end":{"line":112,"column":27}},"type":"cond-expr","locations":[{"start":{"line":112,"column":17},"end":{"line":112,"column":22}},{"start":{"line":112,"column":25},"end":{"line":112,"column":27}}],"line":112},"10":{"loc":{"start":{"line":132,"column":8},"end":{"line":132,"column":101}},"type":"if","locations":[{"start":{"line":132,"column":8},"end":{"line":132,"column":101}},{"start":{},"end":{}}],"line":132},"11":{"loc":{"start":{"line":144,"column":8},"end":{"line":144,"column":101}},"type":"if","locations":[{"start":{"line":144,"column":8},"end":{"line":144,"column":101}},{"start":{},"end":{}}],"line":144},"12":{"loc":{"start":{"line":166,"column":8},"end":{"line":166,"column":35}},"type":"if","locations":[{"start":{"line":166,"column":8},"end":{"line":166,"column":35}},{"start":{},"end":{}}],"line":166},"13":{"loc":{"start":{"line":176,"column":8},"end":{"line":176,"column":35}},"type":"if","locations":[{"start":{"line":176,"column":8},"end":{"line":176,"column":35}},{"start":{},"end":{}}],"line":176},"14":{"loc":{"start":{"line":177,"column":8},"end":{"line":188,"column":9}},"type":"if","locations":[{"start":{"line":177,"column":8},"end":{"line":188,"column":9}},{"start":{"line":181,"column":15},"end":{"line":188,"column":9}}],"line":177},"15":{"loc":{"start":{"line":181,"column":15},"end":{"line":188,"column":9}},"type":"if","locations":[{"start":{"line":181,"column":15},"end":{"line":188,"column":9}},{"start":{},"end":{}}],"line":181},"16":{"loc":{"start":{"line":196,"column":8},"end":{"line":196,"column":36}},"type":"if","locations":[{"start":{"line":196,"column":8},"end":{"line":196,"column":36}},{"start":{},"end":{}}],"line":196},"17":{"loc":{"start":{"line":230,"column":4},"end":{"line":230,"column":81}},"type":"if","locations":[{"start":{"line":230,"column":4},"end":{"line":230,"column":81}},{"start":{},"end":{}}],"line":230},"18":{"loc":{"start":{"line":230,"column":10},"end":{"line":230,"column":66}},"type":"binary-expr","locations":[{"start":{"line":230,"column":10},"end":{"line":230,"column":36}},{"start":{"line":230,"column":40},"end":{"line":230,"column":66}}],"line":230},"19":{"loc":{"start":{"line":231,"column":4},"end":{"line":231,"column":51}},"type":"if","locations":[{"start":{"line":231,"column":4},"end":{"line":231,"column":51}},{"start":{},"end":{}}],"line":231}},"s":{"0":1,"1":1,"2":1,"3":1,"4":1,"5":1,"6":1,"7":1,"8":1,"9":1,"10":0,"11":0,"12":0,"13":0,"14":0,"15":0,"16":0,"17":0,"18":0,"19":0,"20":0,"21":0,"22":0,"23":0,"24":0,"25":0,"26":0,"27":0,"28":0,"29":0,"30":0,"31":0,"32":0,"33":0,"34":0,"35":0,"36":0,"37":0,"38":0,"39":0,"40":0,"41":0,"42":0,"43":0,"44":0,"45":0,"46":0,"47":0,"48":0,"49":0,"50":0,"51":0,"52":0,"53":0,"54":0,"55":0,"56":0,"57":0,"58":0,"59":0,"60":0,"61":0,"62":0,"63":0,"64":0,"65":0,"66":0,"67":0,"68":0,"69":0,"70":0,"71":0,"72":0,"73":0,"74":0,"75":0,"76":0,"77":0,"78":0,"79":0,"80":0,"81":0,"82":0,"83":0,"84":0,"85":0,"86":0,"87":0,"88":0,"89":0,"90":0,"91":0,"92":0,"93":0,"94":0,"95":0,"96":0,"97":0,"98":0,"99":0,"100":0,"101":0,"102":0,"103":0,"104":0,"105":0,"106":0,"107":0,"108":0,"109":0,"110":0,"111":8,"112":0,"113":0,"114":0,"115":1,"116":8,"117":1,"118":7,"119":2,"120":5,"121":1},"f":{"0":0,"1":0,"2":0,"3":0,"4":0,"5":0,"6":0,"7":0,"8":0,"9":0,"10":0,"11":0,"12":0,"13":0,"14":0,"15":0,"16":0,"17":0,"18":0,"19":0,"20":0,"21":0,"22":0,"23":0,"24":0,"25":0,"26":0,"27":0,"28":0,"29":0,"30":0,"31":0,"32":0,"33":0,"34":0,"35":0,"36":0,"37":0,"38":0,"39":0,"40":0,"41":0,"42":0,"43":0,"44":0,"45":0,"46":8,"47":0,"48":1,"49":8},"b":{"0":[0,0],"1":[0,0],"2":[0],"3":[0,0],"4":[0,0],"5":[0],"6":[0,0],"7":[0],"8":[0,0],"9":[0,0],"10":[0,0],"11":[0,0],"12":[0,0],"13":[0,0],"14":[0,0],"15":[0,0],"16":[0,0],"17":[1,7],"18":[8,2],"19":[2,5]},"_coverageSchema":"1a1c01bbd47fc00a2c39e90264f33305004495a9","hash":"ec6eb8559ee27be47ebd3420cfb0114d4bef47c9"}
,"C:\\Users\\Stephan\\OneDrive\\Projects\\Chthulu\\functions\\logger.js": {"path":"C:\\Users\\Stephan\\OneDrive\\Projects\\Chthulu\\functions\\logger.js","statementMap":{"0":{"start":{"line":1,"column":45},"end":{"line":1,"column":63}},"1":{"start":{"line":2,"column":46},"end":{"line":2,"column":52}},"2":{"start":{"line":4,"column":19},"end":{"line":6,"column":2}},"3":{"start":{"line":5,"column":4},"end":{"line":5,"column":73}},"4":{"start":{"line":8,"column":22},"end":{"line":10,"column":2}},"5":{"start":{"line":9,"column":4},"end":{"line":9,"column":49}},"6":{"start":{"line":12,"column":20},"end":{"line":12,"column":30}},"7":{"start":{"line":13,"column":15},"end":{"line":24,"column":2}},"8":{"start":{"line":25,"column":0},"end":{"line":34,"column":1}},"9":{"start":{"line":26,"column":4},"end":{"line":33,"column":8}},"10":{"start":{"line":40,"column":0},"end":{"line":40,"column":28}}},"fnMap":{"0":{"name":"(anonymous_0)","decl":{"start":{"line":4,"column":26},"end":{"line":4,"column":27}},"loc":{"start":{"line":4,"column":61},"end":{"line":6,"column":1}},"line":4},"1":{"name":"(anonymous_1)","decl":{"start":{"line":8,"column":29},"end":{"line":8,"column":30}},"loc":{"start":{"line":8,"column":64},"end":{"line":10,"column":1}},"line":8}},"branchMap":{"0":{"loc":{"start":{"line":25,"column":0},"end":{"line":34,"column":1}},"type":"if","locations":[{"start":{"line":25,"column":0},"end":{"line":34,"column":1}},{"start":{},"end":{}}],"line":25}},"s":{"0":1,"1":1,"2":1,"3":0,"4":1,"5":0,"6":1,"7":1,"8":1,"9":1,"10":1},"f":{"0":0,"1":0},"b":{"0":[1,0]},"_coverageSchema":"1a1c01bbd47fc00a2c39e90264f33305004495a9","hash":"762a722637f63594688b6392097af7c1f4aab431"}
}
