TN:
SF:bot\otherFunctions\botEmbed.js
FN:3,(anonymous_0)
FN:30,(anonymous_1)
FN:32,(anonymous_2)
FN:39,calculateUptimeBot
FNF:4
FNH:0
FNDA:0,(anonymous_0)
FNDA:0,(anonymous_1)
FNDA:0,(anonymous_2)
FNDA:0,calculateUptimeBot
DA:1,1
DA:3,1
DA:5,0
DA:6,0
DA:8,0
DA:10,0
DA:30,0
DA:32,0
DA:40,0
DA:41,0
DA:42,0
DA:43,0
DA:44,0
DA:45,0
DA:47,0
DA:49,0
DA:50,0
DA:52,0
DA:53,0
DA:55,0
DA:56,0
DA:59,0
LF:22
LH:2
BRDA:22,0,0,0
BRDA:22,0,1,0
BRDA:49,1,0,0
BRDA:49,1,1,0
BRDA:52,2,0,0
BRDA:52,2,1,0
BRDA:55,3,0,0
BRDA:55,3,1,0
BRF:8
BRH:0
end_of_record
TN:
SF:database\models\GameSession.js
FNF:0
FNH:0
DA:54,1
DA:55,1
DA:106,1
LF:3
LH:3
BRF:0
BRH:0
end_of_record
TN:
SF:database\models\GeneralInfo.js
FNF:0
FNH:0
DA:1,1
DA:2,1
DA:25,1
LF:3
LH:3
BRF:0
BRH:0
end_of_record
TN:
SF:database\models\Maps.js
FNF:0
FNH:0
DA:1,1
DA:2,1
DA:21,1
LF:3
LH:3
BRF:0
BRH:0
end_of_record
TN:
SF:database\models\NonPlayableCharacter.js
FNF:0
FNH:0
DA:68,1
DA:69,1
DA:124,1
LF:3
LH:3
BRF:0
BRH:0
end_of_record
TN:
SF:database\models\PlayerCharacter.js
FNF:0
FNH:0
DA:81,1
DA:82,1
DA:153,1
LF:3
LH:3
BRF:0
BRH:0
end_of_record
TN:
SF:database\models\Quest.js
FNF:0
FNH:0
DA:50,1
DA:51,1
DA:86,1
LF:3
LH:3
BRF:0
BRH:0
end_of_record
TN:
SF:functions\api.js
FN:16,getBot
FN:20,getBotGuilds
FN:24,getBotCommands
FN:28,getBotCommandsByCategory
FN:29,(anonymous_4)
FN:29,(anonymous_5)
FN:32,getServerDisabledCommands
FN:36,getGuildFromBot
FN:42,cacheAllUsers
FN:43,(anonymous_9)
FN:49,loadAllJSONFiles
FN:56,getUserFromBot
FN:61,getMutualGuilds
FN:62,(anonymous_13)
FN:65,isUserInGuild
FN:69,isUserAdminInGuild
FN:72,getUserFromGuild
FN:76,isDungeonMaster
FN:77,(anonymous_18)
FN:81,getAliveCharacters
FN:96,getUserCharacter
FN:100,getDeadCharacters
FN:105,getNonPlayableCharacters
FN:110,getServerMap
FN:115,getAllMaps
FN:119,getServerGeneralInfo
FN:124,getServerQuestsPerStatus
FN:128,getServerQuestsByStatuses
FN:132,(anonymous_28)
FN:136,getQuestsPerStatus
FN:140,getQuestsByStatuses
FN:144,(anonymous_31)
FN:149,createQuest
FN:163,deleteQuest
FN:165,(anonymous_34)
FN:173,updateQuest
FN:175,(anonymous_36)
FN:193,editServerCommands
FN:195,(anonymous_38)
FN:197,(anonymous_39)
FN:198,(anonymous_40)
FN:199,(anonymous_41)
FN:199,(anonymous_42)
FN:201,(anonymous_43)
FN:207,getAllGameSessions
FN:211,getAllServerGameSessions
FN:215,onlyUnique
FN:219,sortByImportanceValue
FN:225,getPrettyDateString
FN:229,getDoubleDigitNumber
FNF:50
FNH:3
FNDA:0,getBot
FNDA:0,getBotGuilds
FNDA:0,getBotCommands
FNDA:0,getBotCommandsByCategory
FNDA:0,(anonymous_4)
FNDA:0,(anonymous_5)
FNDA:0,getServerDisabledCommands
FNDA:0,getGuildFromBot
FNDA:0,cacheAllUsers
FNDA:0,(anonymous_9)
FNDA:0,loadAllJSONFiles
FNDA:0,getUserFromBot
FNDA:0,getMutualGuilds
FNDA:0,(anonymous_13)
FNDA:0,isUserInGuild
FNDA:0,isUserAdminInGuild
FNDA:0,getUserFromGuild
FNDA:0,isDungeonMaster
FNDA:0,(anonymous_18)
FNDA:0,getAliveCharacters
FNDA:0,getUserCharacter
FNDA:0,getDeadCharacters
FNDA:0,getNonPlayableCharacters
FNDA:0,getServerMap
FNDA:0,getAllMaps
FNDA:0,getServerGeneralInfo
FNDA:0,getServerQuestsPerStatus
FNDA:0,getServerQuestsByStatuses
FNDA:0,(anonymous_28)
FNDA:0,getQuestsPerStatus
FNDA:0,getQuestsByStatuses
FNDA:0,(anonymous_31)
FNDA:0,createQuest
FNDA:0,deleteQuest
FNDA:0,(anonymous_34)
FNDA:0,updateQuest
FNDA:0,(anonymous_36)
FNDA:0,editServerCommands
FNDA:0,(anonymous_38)
FNDA:0,(anonymous_39)
FNDA:0,(anonymous_40)
FNDA:0,(anonymous_41)
FNDA:0,(anonymous_42)
FNDA:0,(anonymous_43)
FNDA:0,getAllGameSessions
FNDA:0,getAllServerGameSessions
FNDA:8,onlyUnique
FNDA:0,sortByImportanceValue
FNDA:1,getPrettyDateString
FNDA:8,getDoubleDigitNumber
DA:1,1
DA:3,1
DA:4,1
DA:5,1
DA:6,1
DA:7,1
DA:8,1
DA:11,1
DA:12,1
DA:13,1
DA:17,0
DA:21,0
DA:25,0
DA:29,0
DA:33,0
DA:37,0
DA:43,0
DA:44,0
DA:45,0
DA:50,0
DA:51,0
DA:52,0
DA:53,0
DA:57,0
DA:62,0
DA:66,0
DA:70,0
DA:73,0
DA:77,0
DA:78,0
DA:82,0
DA:83,0
DA:84,0
DA:86,0
DA:87,0
DA:89,0
DA:92,0
DA:97,0
DA:101,0
DA:102,0
DA:106,0
DA:107,0
DA:111,0
DA:112,0
DA:116,0
DA:120,0
DA:125,0
DA:129,0
DA:130,0
DA:131,0
DA:132,0
DA:137,0
DA:141,0
DA:142,0
DA:143,0
DA:144,0
DA:150,0
DA:151,0
DA:164,0
DA:165,0
DA:166,0
DA:167,0
DA:168,0
DA:169,0
DA:174,0
DA:175,0
DA:176,0
DA:177,0
DA:178,0
DA:179,0
DA:180,0
DA:181,0
DA:182,0
DA:183,0
DA:184,0
DA:185,0
DA:186,0
DA:187,0
DA:189,0
DA:194,0
DA:195,0
DA:196,0
DA:197,0
DA:198,0
DA:199,0
DA:200,0
DA:202,0
DA:208,0
DA:212,0
DA:216,8
DA:220,0
DA:221,0
DA:222,0
DA:226,1
DA:230,8
DA:231,7
DA:232,5
DA:236,1
LF:98
LH:16
BRDA:70,0,0,0
BRDA:70,0,1,0
BRDA:78,1,0,0
BRDA:78,1,1,0
BRDA:81,2,0,0
BRDA:82,3,0,0
BRDA:82,3,1,0
BRDA:84,4,0,0
BRDA:84,4,1,0
BRDA:100,5,0,0
BRDA:101,6,0,0
BRDA:101,6,1,0
BRDA:105,7,0,0
BRDA:106,8,0,0
BRDA:106,8,1,0
BRDA:112,9,0,0
BRDA:112,9,1,0
BRDA:132,10,0,0
BRDA:132,10,1,0
BRDA:144,11,0,0
BRDA:144,11,1,0
BRDA:166,12,0,0
BRDA:166,12,1,0
BRDA:176,13,0,0
BRDA:176,13,1,0
BRDA:177,14,0,0
BRDA:177,14,1,0
BRDA:181,15,0,0
BRDA:181,15,1,0
BRDA:196,16,0,0
BRDA:196,16,1,0
BRDA:230,17,0,1
BRDA:230,17,1,7
BRDA:230,18,0,8
BRDA:230,18,1,2
BRDA:231,19,0,2
BRDA:231,19,1,5
BRF:37
BRH:6
end_of_record
TN:
SF:functions\logger.js
FN:4,(anonymous_0)
FN:8,(anonymous_1)
FNF:2
FNH:0
FNDA:0,(anonymous_0)
FNDA:0,(anonymous_1)
DA:1,1
DA:2,1
DA:4,1
DA:5,0
DA:8,1
DA:9,0
DA:12,1
DA:13,1
DA:25,1
DA:26,1
DA:40,1
LF:11
LH:9
BRDA:25,0,0,1
BRDA:25,0,1,0
BRF:2
BRH:1
end_of_record
