TN:
SF:bot\otherFunctions\botEmbed.js
FN:3,(anonymous_0)
FN:30,(anonymous_1)
FN:32,(anonymous_2)
FN:39,calculateUptimeBot
FNF:4
FNH:0
FNDA:0,(anonymous_0)
FNDA:0,(anonymous_1)
FNDA:0,(anonymous_2)
FNDA:0,calculateUptimeBot
DA:1,1
DA:3,1
DA:5,0
DA:6,0
DA:8,0
DA:10,0
DA:30,0
DA:32,0
DA:40,0
DA:41,0
DA:42,0
DA:43,0
DA:44,0
DA:45,0
DA:47,0
DA:49,0
DA:50,0
DA:52,0
DA:53,0
DA:55,0
DA:56,0
DA:59,0
LF:22
LH:2
BRDA:22,0,0,0
BRDA:22,0,1,0
BRDA:49,1,0,0
BRDA:49,1,1,0
BRDA:52,2,0,0
BRDA:52,2,1,0
BRDA:55,3,0,0
BRDA:55,3,1,0
BRF:8
BRH:0
end_of_record
TN:
SF:functions\logger.js
FN:4,(anonymous_0)
FN:8,(anonymous_1)
FNF:2
FNH:0
FNDA:0,(anonymous_0)
FNDA:0,(anonymous_1)
DA:1,1
DA:2,1
DA:4,1
DA:5,0
DA:8,1
DA:9,0
DA:10,0
DA:13,1
DA:14,1
DA:27,1
DA:41,1
LF:11
LH:8
BRDA:9,0,0,0
BRDA:9,0,1,0
BRDA:30,1,0,1
BRDA:30,1,1,0
BRF:4
BRH:1
end_of_record
TN:
SF:functions\api\misc.js
FN:5,loadAllJSONFiles
FN:12,onlyUnique
FN:16,getPrettyDateString
FN:20,getSimpleDateString
FN:24,getDoubleDigitNumber
FN:30,addCreatedDate
FNF:6
FNH:3
FNDA:0,loadAllJSONFiles
FNDA:8,onlyUnique
FNDA:1,getPrettyDateString
FNDA:0,getSimpleDateString
FNDA:8,getDoubleDigitNumber
FNDA:0,addCreatedDate
DA:1,1
DA:3,1
DA:6,0
DA:7,0
DA:8,0
DA:9,0
DA:13,8
DA:17,1
DA:21,0
DA:25,8
DA:26,7
DA:27,5
DA:31,0
DA:32,0
DA:34,0
DA:37,1
LF:16
LH:8
BRDA:25,0,0,1
BRDA:25,0,1,7
BRDA:25,1,0,8
BRDA:25,1,1,2
BRDA:26,2,0,2
BRDA:26,2,1,5
BRF:6
BRH:6
end_of_record
